-----------------------------------------------------------------
[2017-12-30 01:10:05.368] [BotEvent] Trying to start new Bot Instance [DEBUG MODE]
[2017-12-30 01:10:05.369] [BotEvent] Initializing environment..
[2017-12-30 01:10:05.370] [BotEvent] Environment: ready!
[2017-12-30 01:10:05.831] [BotEvent] Database: ready!
[2017-12-30 01:10:05.893] [BotEvent] API: connected!
[2017-12-30 01:10:05.900] [BotEvent] Server-Query: Logged in!
[2017-12-30 01:10:05.902] [BotEvent] Nickname: set!
[2017-12-30 01:10:05.933] [BotEvent] Event-Listener: registered!
[2017-12-30 01:10:06.080] [ClientJoinEvent] Xida [2n8nOljLkhD0i+mVCDyU/4zfjwU=] logged in into {/Multigaming - Groups/Group III}
[2017-12-30 01:10:06.091] [ClientJoinEvent] [Bot] Heimdall [SERVER-QUERY] [serveradmin] 
[2017-12-30 01:10:06.097] [BotEvent] Feature: CommandManager has been activated.
[2017-12-30 01:10:06.097] [BotEvent] Feature: UserHistoryFeature has been activated.
[2017-12-30 01:10:06.097] [BotEvent] Feature: WelcomeMessageFeature has been activated.
[2017-12-30 01:10:06.148] [BotEvent] Bot is now running!
[2017-12-30 01:10:48.568] [BotEvent] Receiving !off command from Admin.. 
[2017-12-30 01:10:48.568] [BotEvent] Shutting down the bot..
[2017-12-30 01:10:48.569] [BotEvent] Feature: UserHistoryFeature has been deactivated.
[2017-12-30 01:10:48.569] [BotEvent] Feature: WelcomeMessageFeature has been deactivated.
[2017-12-30 01:10:48.569] [BotEvent] Feature: CommandManager has been deactivated.
-----------------------------------------------------------------
[2017-12-30 01:10:53.955] [BotEvent] Trying to start new Bot Instance [DEBUG MODE]
[2017-12-30 01:10:53.955] [BotEvent] Initializing environment..
[2017-12-30 01:10:53.956] [BotEvent] Environment: ready!
[2017-12-30 01:10:54.181] [BotEvent] Database: ready!
[2017-12-30 01:10:54.218] [BotEvent] API: connected!
[2017-12-30 01:10:54.223] [BotEvent] Server-Query: Logged in!
[2017-12-30 01:10:54.226] [BotEvent] Nickname: set!
[2017-12-30 01:10:54.250] [BotEvent] Event-Listener: registered!
[2017-12-30 01:10:54.349] [ClientJoinEvent] Xida [2n8nOljLkhD0i+mVCDyU/4zfjwU=] logged in into {/Multigaming - Groups/Group III}
[2017-12-30 01:10:54.371] [ClientJoinEvent] [Bot] Heimdall [SERVER-QUERY] [serveradmin] 
[2017-12-30 01:10:54.373] [BotEvent] Feature: CommandManager has been activated.
[2017-12-30 01:10:54.373] [BotEvent] Feature: UserHistoryFeature has been activated.
[2017-12-30 01:10:54.373] [BotEvent] Feature: WelcomeMessageFeature has been activated.
[2017-12-30 01:10:54.390] [BotEvent] Bot is now running!
[2017-12-30 01:11:33.724] [BotEvent] Receiving !off command from Admin.. 
[2017-12-30 01:11:33.724] [BotEvent] Shutting down the bot..
[2017-12-30 01:11:33.725] [BotEvent] Feature: UserHistoryFeature has been deactivated.
[2017-12-30 01:11:33.725] [BotEvent] Feature: WelcomeMessageFeature has been deactivated.
[2017-12-30 01:11:33.726] [BotEvent] Feature: CommandManager has been deactivated.
-----------------------------------------------------------------
[2017-12-30 01:12:42.954] [BotEvent] Trying to start new Bot Instance [DEBUG MODE]
[2017-12-30 01:12:42.954] [BotEvent] Initializing environment..
[2017-12-30 01:12:42.955] [BotEvent] Environment: ready!
[2017-12-30 01:12:43.206] [BotEvent] Database: ready!
[2017-12-30 01:12:43.240] [BotEvent] API: connected!
[2017-12-30 01:12:43.245] [BotEvent] Server-Query: Logged in!
[2017-12-30 01:12:43.247] [BotEvent] Nickname: set!
[2017-12-30 01:12:43.271] [BotEvent] Event-Listener: registered!
[2017-12-30 01:12:43.825] [ClientJoinEvent] Xida [2n8nOljLkhD0i+mVCDyU/4zfjwU=] logged in into {/Multigaming - Groups/Group III}
[2017-12-30 01:12:43.836] [ClientJoinEvent] [Bot] Heimdall [SERVER-QUERY] [serveradmin] 
[2017-12-30 01:12:43.844] [BotEvent] Feature: CommandManager has been activated.
[2017-12-30 01:12:43.844] [BotEvent] Feature: UserHistoryFeature has been activated.
[2017-12-30 01:12:43.844] [BotEvent] Feature: WelcomeMessageFeature has been activated.
[2017-12-30 01:12:43.850] [BotEvent] Bot is now running!
[2017-12-30 01:13:06.107] [BotEvent] Receiving !off command from Admin.. 
[2017-12-30 01:13:06.107] [BotEvent] Shutting down the bot..
[2017-12-30 01:13:06.109] [BotEvent] Feature: UserHistoryFeature has been deactivated.
[2017-12-30 01:13:06.109] [BotEvent] Feature: WelcomeMessageFeature has been deactivated.
[2017-12-30 01:13:06.109] [BotEvent] Feature: CommandManager has been deactivated.
-----------------------------------------------------------------
[2017-12-30 01:13:10.049] [BotEvent] Trying to start new Bot Instance [DEBUG MODE]
[2017-12-30 01:13:10.050] [BotEvent] Initializing environment..
[2017-12-30 01:13:10.051] [BotEvent] Environment: ready!
[2017-12-30 01:13:10.281] [BotEvent] Database: ready!
[2017-12-30 01:13:10.313] [BotEvent] API: connected!
[2017-12-30 01:13:10.321] [BotEvent] Server-Query: Logged in!
[2017-12-30 01:13:10.323] [BotEvent] Nickname: set!
[2017-12-30 01:13:10.344] [BotEvent] Event-Listener: registered!
[2017-12-30 01:13:10.445] [ClientJoinEvent] Xida [2n8nOljLkhD0i+mVCDyU/4zfjwU=] logged in into {/Multigaming - Groups/Group III}
[2017-12-30 01:13:10.460] [ClientJoinEvent] [Bot] Heimdall [SERVER-QUERY] [serveradmin] 
[2017-12-30 01:13:10.471] [BotEvent] Feature: CommandManager has been activated.
[2017-12-30 01:13:10.471] [BotEvent] Feature: UserHistoryFeature has been activated.
[2017-12-30 01:13:10.471] [BotEvent] Feature: WelcomeMessageFeature has been activated.
[2017-12-30 01:13:10.482] [BotEvent] Bot is now running!
[2017-12-30 01:13:44.123] [BotEvent] Receiving !off command from Admin.. 
[2017-12-30 01:13:44.123] [BotEvent] Shutting down the bot..
[2017-12-30 01:13:44.124] [BotEvent] Feature: UserHistoryFeature has been deactivated.
[2017-12-30 01:13:44.124] [BotEvent] Feature: WelcomeMessageFeature has been deactivated.
[2017-12-30 01:13:44.124] [BotEvent] Feature: CommandManager has been deactivated.
-----------------------------------------------------------------
[2017-12-30 01:13:47.841] [BotEvent] Trying to start new Bot Instance [DEBUG MODE]
[2017-12-30 01:13:47.841] [BotEvent] Initializing environment..
[2017-12-30 01:13:47.841] [BotEvent] Environment: ready!
[2017-12-30 01:13:48.096] [BotEvent] Database: ready!
[2017-12-30 01:13:48.132] [BotEvent] API: connected!
[2017-12-30 01:13:48.139] [BotEvent] Server-Query: Logged in!
[2017-12-30 01:13:48.142] [BotEvent] Nickname: set!
[2017-12-30 01:13:48.174] [BotEvent] Event-Listener: registered!
[2017-12-30 01:13:48.268] [ClientJoinEvent] Xida [2n8nOljLkhD0i+mVCDyU/4zfjwU=] logged in into {/Multigaming - Groups/Group III}
[2017-12-30 01:13:48.277] [ClientJoinEvent] [Bot] Heimdall [SERVER-QUERY] [serveradmin] 
[2017-12-30 01:13:48.284] [BotEvent] Feature: CommandManager has been activated.
[2017-12-30 01:13:48.285] [BotEvent] Feature: UserHistoryFeature has been activated.
[2017-12-30 01:13:48.285] [BotEvent] Feature: WelcomeMessageFeature has been activated.
[2017-12-30 01:13:48.293] [BotEvent] Bot is now running!
[2017-12-30 01:14:38.088] [BotEvent] Receiving !off command from Admin.. 
[2017-12-30 01:14:38.089] [BotEvent] Shutting down the bot..
[2017-12-30 01:14:38.089] [BotEvent] Feature: UserHistoryFeature has been deactivated.
[2017-12-30 01:14:38.089] [BotEvent] Feature: WelcomeMessageFeature has been deactivated.
[2017-12-30 01:14:38.089] [BotEvent] Feature: CommandManager has been deactivated.
-----------------------------------------------------------------
[2017-12-30 01:14:43.210] [BotEvent] Trying to start new Bot Instance [DEBUG MODE]
[2017-12-30 01:14:43.211] [BotEvent] Initializing environment..
[2017-12-30 01:14:43.212] [BotEvent] Environment: ready!
[2017-12-30 01:14:43.444] [BotEvent] Database: ready!
[2017-12-30 01:14:43.482] [BotEvent] API: connected!
[2017-12-30 01:14:43.487] [BotEvent] Server-Query: Logged in!
[2017-12-30 01:14:43.488] [BotEvent] Nickname: set!
[2017-12-30 01:14:43.518] [BotEvent] Event-Listener: registered!
[2017-12-30 01:14:43.621] [ClientJoinEvent] Xida [2n8nOljLkhD0i+mVCDyU/4zfjwU=] logged in into {/Multigaming - Groups/Group III}
[2017-12-30 01:14:43.640] [ClientJoinEvent] [Bot] Heimdall [SERVER-QUERY] [serveradmin] 
[2017-12-30 01:14:43.642] [BotEvent] Feature: CommandManager has been activated.
[2017-12-30 01:14:43.642] [BotEvent] Feature: UserHistoryFeature has been activated.
[2017-12-30 01:14:43.642] [BotEvent] Feature: WelcomeMessageFeature has been activated.
[2017-12-30 01:14:43.665] [BotEvent] Bot is now running!
[2017-12-30 01:14:44.993] [Command fired] Xida used command: '!dbg '
[2017-12-30 01:16:27.579] [BotEvent] Receiving !off command from Admin.. 
[2017-12-30 01:16:27.580] [BotEvent] Shutting down the bot..
[2017-12-30 01:16:27.580] [BotEvent] Feature: UserHistoryFeature has been deactivated.
[2017-12-30 01:16:27.580] [BotEvent] Feature: WelcomeMessageFeature has been deactivated.
[2017-12-30 01:16:27.580] [BotEvent] Feature: CommandManager has been deactivated.
-----------------------------------------------------------------
[2017-12-30 01:16:31.585] [BotEvent] Trying to start new Bot Instance [DEBUG MODE]
[2017-12-30 01:16:31.585] [BotEvent] Initializing environment..
[2017-12-30 01:16:31.587] [BotEvent] Environment: ready!
[2017-12-30 01:16:31.815] [BotEvent] Database: ready!
[2017-12-30 01:16:31.849] [BotEvent] API: connected!
[2017-12-30 01:16:31.853] [BotEvent] Server-Query: Logged in!
[2017-12-30 01:16:31.855] [BotEvent] Nickname: set!
[2017-12-30 01:16:31.875] [BotEvent] Event-Listener: registered!
[2017-12-30 01:16:31.971] [ClientJoinEvent] Xida [2n8nOljLkhD0i+mVCDyU/4zfjwU=] logged in into {/Multigaming - Groups/Group III}
[2017-12-30 01:16:31.992] [ClientJoinEvent] [Bot] Heimdall [SERVER-QUERY] [serveradmin] 
[2017-12-30 01:16:31.999] [BotEvent] Feature: CommandManager has been activated.
[2017-12-30 01:16:31.999] [BotEvent] Feature: UserHistoryFeature has been activated.
[2017-12-30 01:16:31.999] [BotEvent] Feature: WelcomeMessageFeature has been activated.
[2017-12-30 01:16:32.014] [BotEvent] Bot is now running!
[2017-12-30 01:16:33.742] [Command fired] Xida used command: '!dbg '
[2017-12-30 01:16:36.895] [Command fired] Xida used command: '!dbg '
[2017-12-30 02:46:00.706] [BotEvent] Receiving !off command from Admin.. 
[2017-12-30 02:46:00.706] [BotEvent] Shutting down the bot..
[2017-12-30 02:46:00.707] [BotEvent] Feature: UserHistoryFeature has been deactivated.
[2017-12-30 02:46:00.707] [BotEvent] Feature: WelcomeMessageFeature has been deactivated.
[2017-12-30 02:46:00.707] [BotEvent] Feature: CommandManager has been deactivated.
-----------------------------------------------------------------
[2017-12-30 13:43:01.531] [BotEvent] Trying to start new Bot Instance [DEBUG MODE]
[2017-12-30 13:43:01.540] [BotEvent] Initializing environment..
[2017-12-30 13:43:01.541] [BotEvent] Environment: ready!
[2017-12-30 13:43:02.021] [BotEvent] Database: ready!
[2017-12-30 13:43:03.073] [BotError] API: Could not connect to the Teamspeak 3 Server. Make sure it is running!
[2017-12-30 13:43:03.074] [BotError] Shutting down..
[2017-12-30 13:43:03.074] [BotEvent] Shutting down the bot..
-----------------------------------------------------------------
[2017-12-30 13:44:23.279] [BOT_EVENT] Trying to start new Bot Instance [DEBUG MODE]
[2017-12-30 13:44:23.279] [BOT_EVENT] Initializing environment..
[2017-12-30 13:44:23.280] [BOT_EVENT] Environment: ready!
[2017-12-30 13:44:23.509] [BOT_EVENT] Database: ready!
[2017-12-30 13:44:24.543] [BOT_ERROR] API: Could not connect to the Teamspeak 3 Server. Make sure it is running!
[2017-12-30 13:44:24.543] [BOT_ERROR] Shutting down..
[2017-12-30 13:44:24.543] [BOT_EVENT] Shutting down the bot..
-----------------------------------------------------------------
[2017-12-30 18:07:11.246] [BOT_EVENT] Trying to start new Bot Instance [DEBUG MODE]
[2017-12-30 18:07:11.253] [BOT_EVENT] Initializing environment..
[2017-12-30 18:07:11.254] [BOT_EVENT] Environment: ready!
[2017-12-30 18:07:11.758] [BOT_EVENT] Database: ready!
[2017-12-30 18:07:11.809] [BOT_EVENT] API: connected!
[2017-12-30 18:07:11.822] [BOT_EVENT] Server-Query: Logged in!
[2017-12-30 18:07:11.825] [BOT_EVENT] Nickname: set!
[2017-12-30 18:07:11.849] [BOT_EVENT] Event-Listener: registered!
[2017-12-30 18:07:12.032] [CLIENT_JOIN_EVENT] Xida [2n8nOljLkhD0i+mVCDyU/4zfjwU=] logged in into {/Multigaming - Groups/Group I}
[2017-12-30 18:07:12.041] [CLIENT_JOIN_EVENT] [Bot] Heimdall [SERVER-QUERY] [serveradmin] 
[2017-12-30 18:07:12.043] [BOT_EVENT] Feature: CommandManager has been activated.
[2017-12-30 18:07:12.044] [BOT_EVENT] Feature: UserHistoryFeature has been activated.
[2017-12-30 18:07:12.044] [BOT_EVENT] Feature: WelcomeMessageFeature has been activated.
[2017-12-30 18:07:12.065] [BOT_EVENT] Bot is now running!
[2017-12-30 18:07:15.998] [COMMAND_FIRE] Xida used command: '!dbg '
[2017-12-30 18:08:06.945] [BOT_EVENT] Receiving !off command from Admin.. 
[2017-12-30 18:08:06.945] [BOT_EVENT] Shutting down the bot..
[2017-12-30 18:08:06.946] [BOT_EVENT] Feature: UserHistoryFeature has been deactivated.
[2017-12-30 18:08:06.946] [BOT_EVENT] Feature: WelcomeMessageFeature has been deactivated.
[2017-12-30 18:08:06.946] [BOT_EVENT] Feature: CommandManager has been deactivated.
-----------------------------------------------------------------
[2017-12-30 18:08:12.520] [BOT_EVENT] Trying to start new Bot Instance [DEBUG MODE]
[2017-12-30 18:08:12.521] [BOT_EVENT] Initializing environment..
[2017-12-30 18:08:12.521] [BOT_EVENT] Environment: ready!
[2017-12-30 18:08:12.772] [BOT_EVENT] Database: ready!
[2017-12-30 18:08:12.812] [BOT_EVENT] API: connected!
[2017-12-30 18:08:12.818] [BOT_EVENT] Server-Query: Logged in!
[2017-12-30 18:08:12.820] [BOT_EVENT] Nickname: set!
[2017-12-30 18:08:12.843] [BOT_EVENT] Event-Listener: registered!
[2017-12-30 18:08:12.957] [CLIENT_JOIN_EVENT] Xida [2n8nOljLkhD0i+mVCDyU/4zfjwU=] logged in into {/Multigaming - Groups/Group I}
[2017-12-30 18:08:12.976] [CLIENT_JOIN_EVENT] [Bot] Heimdall [SERVER-QUERY] [serveradmin] 
[2017-12-30 18:08:12.991] [BOT_EVENT] Feature: CommandManager has been activated.
[2017-12-30 18:08:12.992] [BOT_EVENT] Feature: UserHistoryFeature has been activated.
[2017-12-30 18:08:12.992] [BOT_EVENT] Feature: WelcomeMessageFeature has been activated.
[2017-12-30 18:08:13.003] [BOT_EVENT] Bot is now running!
[2017-12-30 18:08:15.097] [COMMAND_FIRE] Xida used command: '!dbg '
[2017-12-30 18:12:30.544] [BOT_EVENT] Receiving !off command from Admin.. 
[2017-12-30 18:12:30.544] [BOT_EVENT] Shutting down the bot..
[2017-12-30 18:12:30.545] [BOT_EVENT] Feature: UserHistoryFeature has been deactivated.
[2017-12-30 18:12:30.545] [BOT_EVENT] Feature: WelcomeMessageFeature has been deactivated.
[2017-12-30 18:12:30.545] [BOT_EVENT] Feature: CommandManager has been deactivated.
-----------------------------------------------------------------
[2017-12-30 18:12:35.621] [BOT_EVENT] Trying to start new Bot Instance [DEBUG MODE]
[2017-12-30 18:12:35.622] [BOT_EVENT] Initializing environment..
[2017-12-30 18:12:35.622] [BOT_EVENT] Environment: ready!
[2017-12-30 18:12:35.847] [BOT_EVENT] Database: ready!
[2017-12-30 18:12:35.881] [BOT_EVENT] API: connected!
[2017-12-30 18:12:35.886] [BOT_EVENT] Server-Query: Logged in!
[2017-12-30 18:12:35.888] [BOT_EVENT] Nickname: set!
[2017-12-30 18:12:35.908] [BOT_EVENT] Event-Listener: registered!
[2017-12-30 18:12:36.013] [CLIENT_JOIN_EVENT] Xida [2n8nOljLkhD0i+mVCDyU/4zfjwU=] logged in into {/Multigaming - Groups/Group I}
[2017-12-30 18:12:36.032] [CLIENT_JOIN_EVENT] [Bot] Heimdall [SERVER-QUERY] [serveradmin] 
[2017-12-30 18:12:36.045] [BOT_EVENT] Feature: CommandManager has been activated.
[2017-12-30 18:12:36.045] [BOT_EVENT] Feature: UserHistoryFeature has been activated.
[2017-12-30 18:12:36.045] [BOT_EVENT] Feature: WelcomeMessageFeature has been activated.
[2017-12-30 18:12:36.067] [BOT_EVENT] Bot is now running!
[2017-12-30 18:12:38.417] [COMMAND_FIRE] Xida used command: '!dbg '
[2017-12-30 18:14:00.645] [BOT_EVENT] Receiving !off command from Admin.. 
[2017-12-30 18:14:00.645] [BOT_EVENT] Shutting down the bot..
[2017-12-30 18:14:00.646] [BOT_EVENT] Feature: UserHistoryFeature has been deactivated.
[2017-12-30 18:14:00.646] [BOT_EVENT] Feature: WelcomeMessageFeature has been deactivated.
[2017-12-30 18:14:00.646] [BOT_EVENT] Feature: CommandManager has been deactivated.
-----------------------------------------------------------------
[2017-12-30 18:14:08.204] [BOT_EVENT] Trying to start new Bot Instance [DEBUG MODE]
[2017-12-30 18:14:08.204] [BOT_EVENT] Initializing environment..
[2017-12-30 18:14:08.205] [BOT_EVENT] Environment: ready!
[2017-12-30 18:14:08.447] [BOT_EVENT] Database: ready!
[2017-12-30 18:14:08.486] [BOT_EVENT] API: connected!
[2017-12-30 18:14:08.491] [BOT_EVENT] Server-Query: Logged in!
[2017-12-30 18:14:08.492] [BOT_EVENT] Nickname: set!
[2017-12-30 18:14:08.517] [BOT_EVENT] Event-Listener: registered!
[2017-12-30 18:14:08.614] [CLIENT_JOIN_EVENT] Xida [2n8nOljLkhD0i+mVCDyU/4zfjwU=] logged in into {/Multigaming - Groups/Group I}
[2017-12-30 18:14:08.647] [CLIENT_JOIN_EVENT] [Bot] Heimdall [SERVER-QUERY] [serveradmin] 
[2017-12-30 18:14:08.650] [BOT_EVENT] Feature: CommandManager has been activated.
[2017-12-30 18:14:08.651] [BOT_EVENT] Feature: UserHistoryFeature has been activated.
[2017-12-30 18:14:08.651] [BOT_EVENT] Feature: WelcomeMessageFeature has been activated.
[2017-12-30 18:14:08.664] [BOT_EVENT] Bot is now running!
[2017-12-30 18:14:10.924] [COMMAND_FIRE] Xida used command: '!dbg '
[2017-12-30 18:14:23.903] [CLIENT_MOVED_EVENT] Xida [2n8nOljLkhD0i+mVCDyU/4zfjwU=] went from {/Multigaming - Groups/Group I} to {/Public Talk 2}
[2017-12-30 18:14:25.096] [CLIENT_MOVED_EVENT] Xida [2n8nOljLkhD0i+mVCDyU/4zfjwU=] went from {/Public Talk 2} to {/Public Talk 3}
[2017-12-30 18:16:41.938] [COMMAND_FIRE] Xida used command: '!dbg '
[2017-12-30 18:16:48.703] [CLIENT_LEAVE_EVENT] Xida [2n8nOljLkhD0i+mVCDyU/4zfjwU=] has left the server.
[2017-12-30 18:16:48.876] [CLIENT_JOIN_EVENT] [Bot] Thor [2n8nOljLkhD0i+mVCDyU/4zfjwU=] logged in into {/Lobby}
[2017-12-30 18:17:17.952] [CLIENT_LEAVE_EVENT] [Bot] Thor [2n8nOljLkhD0i+mVCDyU/4zfjwU=] has left the server.
[2017-12-30 18:17:18.062] [CLIENT_JOIN_EVENT] Xida [2n8nOljLkhD0i+mVCDyU/4zfjwU=] logged in into {/Lobby}
[2017-12-30 18:18:50.333] [BOT_EVENT] Receiving shutdown command from console.
[2017-12-30 18:18:50.333] [BOT_EVENT] Shutting down the bot..
[2017-12-30 18:18:50.334] [BOT_EVENT] Feature: UserHistoryFeature has been deactivated.
[2017-12-30 18:18:50.334] [BOT_EVENT] Feature: WelcomeMessageFeature has been deactivated.
[2017-12-30 18:18:50.334] [BOT_EVENT] Feature: CommandManager has been deactivated.
-----------------------------------------------------------------
[2017-12-30 18:19:09.705] [BOT_EVENT] Trying to start new Bot Instance [DEBUG MODE]
[2017-12-30 18:19:09.706] [BOT_EVENT] Initializing environment..
[2017-12-30 18:19:09.706] [BOT_EVENT] Environment: ready!
[2017-12-30 18:19:09.956] [BOT_EVENT] Database: ready!
[2017-12-30 18:19:09.990] [BOT_EVENT] API: connected!
[2017-12-30 18:19:09.995] [BOT_EVENT] Server-Query: Logged in!
[2017-12-30 18:19:09.997] [BOT_EVENT] Nickname: set!
[2017-12-30 18:19:10.022] [BOT_EVENT] Event-Listener: registered!
[2017-12-30 18:19:10.126] [CLIENT_JOIN_EVENT] Xida [2n8nOljLkhD0i+mVCDyU/4zfjwU=] logged in into {/Twitch Stream}
[2017-12-30 18:19:10.168] [CLIENT_JOIN_EVENT] Malte_1 [EZC9cW9ri2+2nWulkuaG+FOrM68=] logged in into {/Lobby}
[2017-12-30 18:19:10.187] [CLIENT_JOIN_EVENT] [Bot] Heimdall [SERVER-QUERY] [serveradmin] 
[2017-12-30 18:19:10.189] [BOT_EVENT] Feature: CommandManager has been activated.
[2017-12-30 18:19:10.189] [BOT_EVENT] Feature: UserHistoryFeature has been activated.
[2017-12-30 18:19:10.189] [BOT_EVENT] Feature: WelcomeMessageFeature has been activated.
[2017-12-30 18:19:10.198] [BOT_EVENT] Bot is now running!
[2017-12-30 18:25:27.460] [CLIENT_LEAVE_EVENT] Malte_1 [EZC9cW9ri2+2nWulkuaG+FOrM68=] has left the server.
[2017-12-30 18:25:27.642] [CLIENT_JOIN_EVENT] Malte_2 [0PvjRFUOhjSmOeIy7YgBBq9CC78=] logged in into {/Lobby}
[2017-12-30 18:28:45.571] [CLIENT_LEAVE_EVENT] Malte_2 [0PvjRFUOhjSmOeIy7YgBBq9CC78=] has left the server.
[2017-12-30 18:31:55.703] [CLIENT_JOIN_EVENT] dbg_test [jIKSv0a8bavNq2mvpH/N4vG+vFs=] logged in into {/Lobby}
[2017-12-30 18:33:46.501] [CLIENT_LEAVE_EVENT] Xida [2n8nOljLkhD0i+mVCDyU/4zfjwU=] has left the server.
[2017-12-30 18:33:50.648] [CLIENT_LEAVE_EVENT] dbg_test [jIKSv0a8bavNq2mvpH/N4vG+vFs=] has left the server.
[2017-12-30 18:33:54.031] [CLIENT_JOIN_EVENT] dbg_test [jIKSv0a8bavNq2mvpH/N4vG+vFs=] logged in into {/Lobby}
[2017-12-30 18:34:03.493] [CLIENT_JOIN_EVENT] Xida [2n8nOljLkhD0i+mVCDyU/4zfjwU=] logged in into {/Lobby}
[2017-12-30 18:34:05.577] [CLIENT_MOVED_EVENT] Xida [2n8nOljLkhD0i+mVCDyU/4zfjwU=] went from {/Lobby} to {/Twitch Stream}
[2017-12-30 18:35:32.388] [CLIENT_LEAVE_EVENT] dbg_test [jIKSv0a8bavNq2mvpH/N4vG+vFs=] has left the server.
[2017-12-30 18:35:32.546] [CLIENT_JOIN_EVENT] dbg_test [jIKSv0a8bavNq2mvpH/N4vG+vFs=] logged in into {/Lobby}
[2017-12-30 18:38:19.274] [BOT_EVENT] Receiving !off command from Admin.. 
[2017-12-30 18:38:19.274] [BOT_EVENT] Shutting down the bot..
[2017-12-30 18:38:19.275] [BOT_EVENT] Feature: UserHistoryFeature has been deactivated.
[2017-12-30 18:38:19.275] [BOT_EVENT] Feature: WelcomeMessageFeature has been deactivated.
[2017-12-30 18:38:19.275] [BOT_EVENT] Feature: CommandManager has been deactivated.
