[2017-07-15 01:03:30.656] [Info] -----------------------------------------------------------------
[2017-07-15 01:04:55.446] [Info] -----------------------------------------------------------------
[2017-07-15 01:06:18.372] [Info] -----------------------------------------------------------------
[2017-07-15 01:07:01.673] [Info] -----------------------------------------------------------------
[2017-07-15 01:08:39.840] [Info] -----------------------------------------------------------------
[2017-07-15 01:17:32.296] [Info] -----------------------------------------------------------------
[2017-07-15 01:19:13.592] [Info] -----------------------------------------------------------------
[2017-07-15 01:22:15.539] [Info] -----------------------------------------------------------------
[2017-07-15 17:39:02.043] [Info] -----------------------------------------------------------------
[2017-07-15 17:39:38.259] [Info] -----------------------------------------------------------------
[2017-07-15 17:40:50.020] [Info] -----------------------------------------------------------------
[2017-07-15 17:42:00.124] [Info] -----------------------------------------------------------------
[2017-07-15 17:42:31.048] [Info] -----------------------------------------------------------------
[2017-07-15 17:42:31.048] [BotEvent] Trying to start new Bot Instance [DEBUG MODE]
[2017-07-15 17:42:31.048] [BotEvent] Initializing environment..
[2017-07-15 17:42:31.049] [BotEvent] Environment: ready!
[2017-07-15 17:42:31.216] [BotEvent] Database: ready!
[2017-07-15 17:42:31.258] [BotEvent] API: connected!
[2017-07-15 17:42:31.263] [BotEvent] Server-Query: Logged in!
[2017-07-15 17:42:31.265] [BotEvent] Nickname: set!
[2017-07-15 17:42:31.277] [BotEvent] Event-Listener: registered!
[2017-07-15 17:42:31.286] [BotEvent] Bot is now running!
[2017-07-15 17:42:52.553] [BotEvent] Shutting down the bot..
